{"C:\\Projects\\Git\\React\\03_gifs-app_v3\\src\\GifsApp.tsx": {"path":"C:\\Projects\\Git\\React\\03_gifs-app_v3\\src\\GifsApp.tsx","statementMap":{"0":{"start":{"line":8,"column":23},"end":{"line":36,"column":null}},"1":{"start":{"line":10,"column":63},"end":{"line":10,"column":null}},"2":{"start":{"line":12,"column":2},"end":{"line":33,"column":null}},"3":{"start":{"line":23,"column":36},"end":{"line":23,"column":null}}},"fnMap":{"0":{"name":"(anonymous_0)","decl":{"start":{"line":8,"column":23},"end":{"line":8,"column":null}},"loc":{"start":{"line":8,"column":23},"end":{"line":36,"column":null}},"line":8},"1":{"name":"(anonymous_1)","decl":{"start":{"line":23,"column":17},"end":{"line":23,"column":18}},"loc":{"start":{"line":23,"column":36},"end":{"line":23,"column":null}},"line":23}},"branchMap":{},"s":{"0":1,"1":1,"2":1,"3":0},"f":{"0":1,"1":0},"b":{},"meta":{"lastBranch":0,"lastFunction":2,"lastStatement":4,"seen":{"s:8:23:36:Infinity":0,"f:8:23:8:Infinity":0,"s:10:63:10:Infinity":1,"s:12:2:33:Infinity":2,"f:23:17:23:18":1,"s:23:36:23:Infinity":3}}}
,"C:\\Projects\\Git\\React\\03_gifs-app_v3\\src\\counter\\Components\\MyCounterApp.tsx": {"path":"C:\\Projects\\Git\\React\\03_gifs-app_v3\\src\\counter\\Components\\MyCounterApp.tsx","statementMap":{"0":{"start":{"line":3,"column":28},"end":{"line":31,"column":null}},"1":{"start":{"line":5,"column":59},"end":{"line":5,"column":null}},"2":{"start":{"line":7,"column":2},"end":{"line":26,"column":null}},"3":{"start":{"line":24,"column":33},"end":{"line":24,"column":46}},"4":{"start":{"line":25,"column":33},"end":{"line":25,"column":51}},"5":{"start":{"line":26,"column":33},"end":{"line":26,"column":48}}},"fnMap":{"0":{"name":"(anonymous_0)","decl":{"start":{"line":3,"column":28},"end":{"line":3,"column":null}},"loc":{"start":{"line":3,"column":28},"end":{"line":31,"column":null}},"line":3},"1":{"name":"(anonymous_1)","decl":{"start":{"line":24,"column":27},"end":{"line":24,"column":33}},"loc":{"start":{"line":24,"column":33},"end":{"line":24,"column":46}},"line":24},"2":{"name":"(anonymous_2)","decl":{"start":{"line":25,"column":27},"end":{"line":25,"column":33}},"loc":{"start":{"line":25,"column":33},"end":{"line":25,"column":51}},"line":25},"3":{"name":"(anonymous_3)","decl":{"start":{"line":26,"column":27},"end":{"line":26,"column":33}},"loc":{"start":{"line":26,"column":33},"end":{"line":26,"column":48}},"line":26}},"branchMap":{},"s":{"0":2,"1":7,"2":7,"3":2,"4":1,"5":0},"f":{"0":7,"1":2,"2":1,"3":0},"b":{},"meta":{"lastBranch":0,"lastFunction":4,"lastStatement":6,"seen":{"s:3:28:31:Infinity":0,"f:3:28:3:Infinity":0,"s:5:59:5:Infinity":1,"s:7:2:26:Infinity":2,"f:24:27:24:33":1,"s:24:33:24:46":3,"f:25:27:25:33":2,"s:25:33:25:51":4,"f:26:27:26:33":3,"s:26:33:26:48":5}}}
,"C:\\Projects\\Git\\React\\03_gifs-app_v3\\src\\counter\\hooks\\useCounter.tsx": {"path":"C:\\Projects\\Git\\React\\03_gifs-app_v3\\src\\counter\\hooks\\useCounter.tsx","statementMap":{"0":{"start":{"line":3,"column":26},"end":{"line":26,"column":null}},"1":{"start":{"line":4,"column":29},"end":{"line":4,"column":null}},"2":{"start":{"line":6,"column":20},"end":{"line":8,"column":null}},"3":{"start":{"line":7,"column":4},"end":{"line":7,"column":null}},"4":{"start":{"line":10,"column":25},"end":{"line":12,"column":null}},"5":{"start":{"line":11,"column":4},"end":{"line":11,"column":null}},"6":{"start":{"line":11,"column":34},"end":{"line":11,"column":null}},"7":{"start":{"line":14,"column":22},"end":{"line":16,"column":null}},"8":{"start":{"line":15,"column":4},"end":{"line":15,"column":null}},"9":{"start":{"line":18,"column":2},"end":{"line":25,"column":null}}},"fnMap":{"0":{"name":"(anonymous_0)","decl":{"start":{"line":3,"column":26},"end":{"line":3,"column":27}},"loc":{"start":{"line":3,"column":52},"end":{"line":26,"column":null}},"line":3},"1":{"name":"(anonymous_1)","decl":{"start":{"line":6,"column":20},"end":{"line":6,"column":null}},"loc":{"start":{"line":6,"column":20},"end":{"line":8,"column":null}},"line":6},"2":{"name":"(anonymous_2)","decl":{"start":{"line":10,"column":25},"end":{"line":10,"column":null}},"loc":{"start":{"line":10,"column":25},"end":{"line":12,"column":null}},"line":10},"3":{"name":"(anonymous_3)","decl":{"start":{"line":11,"column":15},"end":{"line":11,"column":16}},"loc":{"start":{"line":11,"column":34},"end":{"line":11,"column":null}},"line":11},"4":{"name":"(anonymous_4)","decl":{"start":{"line":14,"column":22},"end":{"line":14,"column":null}},"loc":{"start":{"line":14,"column":22},"end":{"line":16,"column":null}},"line":14}},"branchMap":{"0":{"loc":{"start":{"line":3,"column":27},"end":{"line":3,"column":52}},"type":"default-arg","locations":[{"start":{"line":3,"column":50},"end":{"line":3,"column":52}}],"line":3}},"s":{"0":2,"1":14,"2":14,"3":2,"4":14,"5":7,"6":7,"7":14,"8":1,"9":14},"f":{"0":14,"1":2,"2":7,"3":7,"4":1},"b":{"0":[14]},"meta":{"lastBranch":1,"lastFunction":5,"lastStatement":10,"seen":{"s:3:26:26:Infinity":0,"f:3:26:3:27":0,"b:3:50:3:52":0,"s:4:29:4:Infinity":1,"s:6:20:8:Infinity":2,"f:6:20:6:Infinity":1,"s:7:4:7:Infinity":3,"s:10:25:12:Infinity":4,"f:10:25:10:Infinity":2,"s:11:4:11:Infinity":5,"f:11:15:11:16":3,"s:11:34:11:Infinity":6,"s:14:22:16:Infinity":7,"f:14:22:14:Infinity":4,"s:15:4:15:Infinity":8,"s:18:2:25:Infinity":9}}}
,"C:\\Projects\\Git\\React\\03_gifs-app_v3\\src\\gifs\\actions\\get.gifts-by-query.action.ts": {"path":"C:\\Projects\\Git\\React\\03_gifs-app_v3\\src\\gifs\\actions\\get.gifts-by-query.action.ts","statementMap":{"0":{"start":{"line":6,"column":31},"end":{"line":33,"column":null}},"1":{"start":{"line":8,"column":4},"end":{"line":10,"column":null}},"2":{"start":{"line":9,"column":8},"end":{"line":9,"column":null}},"3":{"start":{"line":12,"column":4},"end":{"line":31,"column":null}},"4":{"start":{"line":13,"column":25},"end":{"line":18,"column":null}},"5":{"start":{"line":20,"column":8},"end":{"line":26,"column":null}},"6":{"start":{"line":20,"column":48},"end":{"line":26,"column":null}},"7":{"start":{"line":29,"column":8},"end":{"line":29,"column":null}},"8":{"start":{"line":30,"column":8},"end":{"line":30,"column":null}}},"fnMap":{"0":{"name":"(anonymous_0)","decl":{"start":{"line":6,"column":31},"end":{"line":6,"column":38}},"loc":{"start":{"line":6,"column":38},"end":{"line":33,"column":null}},"line":6},"1":{"name":"(anonymous_1)","decl":{"start":{"line":20,"column":38},"end":{"line":20,"column":39}},"loc":{"start":{"line":20,"column":48},"end":{"line":26,"column":null}},"line":20}},"branchMap":{"0":{"loc":{"start":{"line":8,"column":4},"end":{"line":10,"column":null}},"type":"if","locations":[{"start":{"line":8,"column":4},"end":{"line":10,"column":null}},{"start":{},"end":{}}],"line":8}},"s":{"0":3,"1":6,"2":1,"3":5,"4":5,"5":4,"6":40,"7":1,"8":1},"f":{"0":6,"1":40},"b":{"0":[1,5]},"meta":{"lastBranch":1,"lastFunction":2,"lastStatement":9,"seen":{"s:6:31:33:Infinity":0,"f:6:31:6:38":0,"b:8:4:10:Infinity:undefined:undefined:undefined:undefined":0,"s:8:4:10:Infinity":1,"s:9:8:9:Infinity":2,"s:12:4:31:Infinity":3,"s:13:25:18:Infinity":4,"s:20:8:26:Infinity":5,"f:20:38:20:39":1,"s:20:48:26:Infinity":6,"s:29:8:29:Infinity":7,"s:30:8:30:Infinity":8}}}
,"C:\\Projects\\Git\\React\\03_gifs-app_v3\\src\\gifs\\api\\giphy.api.ts": {"path":"C:\\Projects\\Git\\React\\03_gifs-app_v3\\src\\gifs\\api\\giphy.api.ts","statementMap":{"0":{"start":{"line":4,"column":24},"end":{"line":10,"column":null}}},"fnMap":{},"branchMap":{},"s":{"0":4},"f":{},"b":{},"meta":{"lastBranch":0,"lastFunction":0,"lastStatement":1,"seen":{"s:4:24:10:Infinity":0}}}
,"C:\\Projects\\Git\\React\\03_gifs-app_v3\\src\\gifs\\components\\GifList.tsx": {"path":"C:\\Projects\\Git\\React\\03_gifs-app_v3\\src\\gifs\\components\\GifList.tsx","statementMap":{"0":{"start":{"line":8,"column":23},"end":{"line":22,"column":null}},"1":{"start":{"line":9,"column":2},"end":{"line":12,"column":26}},"2":{"start":{"line":11,"column":17},"end":{"line":12,"column":26}}},"fnMap":{"0":{"name":"(anonymous_0)","decl":{"start":{"line":8,"column":23},"end":{"line":8,"column":24}},"loc":{"start":{"line":8,"column":39},"end":{"line":22,"column":null}},"line":8},"1":{"name":"(anonymous_1)","decl":{"start":{"line":11,"column":16},"end":{"line":11,"column":17}},"loc":{"start":{"line":11,"column":17},"end":{"line":12,"column":26}},"line":11}},"branchMap":{},"s":{"0":1,"1":1,"2":0},"f":{"0":1,"1":0},"b":{},"meta":{"lastBranch":0,"lastFunction":2,"lastStatement":3,"seen":{"s:8:23:22:Infinity":0,"f:8:23:8:24":0,"s:9:2:12:26":1,"f:11:16:11:17":1,"s:11:17:12:26":2}}}
,"C:\\Projects\\Git\\React\\03_gifs-app_v3\\src\\gifs\\components\\PreviousSearches.tsx": {"path":"C:\\Projects\\Git\\React\\03_gifs-app_v3\\src\\gifs\\components\\PreviousSearches.tsx","statementMap":{"0":{"start":{"line":9,"column":43},"end":{"line":22,"column":null}},"1":{"start":{"line":10,"column":2},"end":{"line":15,"column":null}},"2":{"start":{"line":14,"column":31},"end":{"line":15,"column":null}},"3":{"start":{"line":16,"column":30},"end":{"line":16,"column":null}}},"fnMap":{"0":{"name":"(anonymous_0)","decl":{"start":{"line":9,"column":43},"end":{"line":9,"column":44}},"loc":{"start":{"line":9,"column":78},"end":{"line":22,"column":null}},"line":9},"1":{"name":"(anonymous_1)","decl":{"start":{"line":14,"column":30},"end":{"line":14,"column":31}},"loc":{"start":{"line":14,"column":31},"end":{"line":15,"column":null}},"line":14},"2":{"name":"(anonymous_2)","decl":{"start":{"line":16,"column":24},"end":{"line":16,"column":30}},"loc":{"start":{"line":16,"column":30},"end":{"line":16,"column":null}},"line":16}},"branchMap":{},"s":{"0":1,"1":1,"2":0,"3":0},"f":{"0":1,"1":0,"2":0},"b":{},"meta":{"lastBranch":0,"lastFunction":3,"lastStatement":4,"seen":{"s:9:43:22:Infinity":0,"f:9:43:9:44":0,"s:10:2:15:Infinity":1,"f:14:30:14:31":1,"s:14:31:15:Infinity":2,"f:16:24:16:30":2,"s:16:30:16:Infinity":3}}}
,"C:\\Projects\\Git\\React\\03_gifs-app_v3\\src\\gifs\\hooks\\useGifs.tsx": {"path":"C:\\Projects\\Git\\React\\03_gifs-app_v3\\src\\gifs\\hooks\\useGifs.tsx","statementMap":{"0":{"start":{"line":11,"column":23},"end":{"line":62,"column":null}},"1":{"start":{"line":13,"column":23},"end":{"line":13,"column":null}},"2":{"start":{"line":15,"column":41},"end":{"line":15,"column":null}},"3":{"start":{"line":17,"column":8},"end":{"line":17,"column":null}},"4":{"start":{"line":19,"column":27},"end":{"line":28,"column":null}},"5":{"start":{"line":21,"column":4},"end":{"line":24,"column":null}},"6":{"start":{"line":22,"column":6},"end":{"line":22,"column":null}},"7":{"start":{"line":23,"column":6},"end":{"line":23,"column":null}},"8":{"start":{"line":25,"column":17},"end":{"line":25,"column":null}},"9":{"start":{"line":26,"column":4},"end":{"line":26,"column":null}},"10":{"start":{"line":27,"column":4},"end":{"line":27,"column":null}},"11":{"start":{"line":30,"column":20},"end":{"line":34,"column":null}},"12":{"start":{"line":31,"column":4},"end":{"line":33,"column":null}},"13":{"start":{"line":36,"column":23},"end":{"line":50,"column":null}},"14":{"start":{"line":37,"column":4},"end":{"line":37,"column":null}},"15":{"start":{"line":37,"column":46},"end":{"line":37,"column":null}},"16":{"start":{"line":39,"column":4},"end":{"line":39,"column":null}},"17":{"start":{"line":41,"column":4},"end":{"line":41,"column":null}},"18":{"start":{"line":43,"column":17},"end":{"line":43,"column":null}},"19":{"start":{"line":45,"column":4},"end":{"line":45,"column":null}},"20":{"start":{"line":47,"column":4},"end":{"line":47,"column":null}},"21":{"start":{"line":49,"column":4},"end":{"line":49,"column":null}},"22":{"start":{"line":52,"column":2},"end":{"line":60,"column":null}}},"fnMap":{"0":{"name":"(anonymous_0)","decl":{"start":{"line":11,"column":23},"end":{"line":11,"column":null}},"loc":{"start":{"line":11,"column":23},"end":{"line":62,"column":null}},"line":11},"1":{"name":"(anonymous_1)","decl":{"start":{"line":19,"column":27},"end":{"line":19,"column":34}},"loc":{"start":{"line":19,"column":34},"end":{"line":28,"column":null}},"line":19},"2":{"name":"(anonymous_2)","decl":{"start":{"line":30,"column":20},"end":{"line":30,"column":21}},"loc":{"start":{"line":30,"column":21},"end":{"line":34,"column":null}},"line":30},"3":{"name":"(anonymous_3)","decl":{"start":{"line":36,"column":23},"end":{"line":36,"column":30}},"loc":{"start":{"line":36,"column":30},"end":{"line":50,"column":null}},"line":36}},"branchMap":{"0":{"loc":{"start":{"line":21,"column":4},"end":{"line":24,"column":null}},"type":"if","locations":[{"start":{"line":21,"column":4},"end":{"line":24,"column":null}},{"start":{},"end":{}}],"line":21},"1":{"loc":{"start":{"line":31,"column":11},"end":{"line":33,"column":null}},"type":"cond-expr","locations":[{"start":{"line":32,"column":8},"end":{"line":32,"column":null}},{"start":{"line":33,"column":8},"end":{"line":33,"column":null}}],"line":31},"2":{"loc":{"start":{"line":37,"column":4},"end":{"line":37,"column":null}},"type":"if","locations":[{"start":{"line":37,"column":4},"end":{"line":37,"column":null}},{"start":{},"end":{}}],"line":37}},"s":{"0":2,"1":19,"2":19,"3":19,"4":19,"5":3,"6":1,"7":1,"8":2,"9":2,"10":2,"11":19,"12":30,"13":19,"14":10,"15":0,"16":10,"17":10,"18":10,"19":10,"20":10,"21":10,"22":19},"f":{"0":19,"1":3,"2":30,"3":10},"b":{"0":[1,2],"1":[0,30],"2":[0,10]},"meta":{"lastBranch":3,"lastFunction":4,"lastStatement":23,"seen":{"s:11:23:62:Infinity":0,"f:11:23:11:Infinity":0,"s:13:23:13:Infinity":1,"s:15:41:15:Infinity":2,"s:17:8:17:Infinity":3,"s:19:27:28:Infinity":4,"f:19:27:19:34":1,"b:21:4:24:Infinity:undefined:undefined:undefined:undefined":0,"s:21:4:24:Infinity":5,"s:22:6:22:Infinity":6,"s:23:6:23:Infinity":7,"s:25:17:25:Infinity":8,"s:26:4:26:Infinity":9,"s:27:4:27:Infinity":10,"s:30:20:34:Infinity":11,"f:30:20:30:21":2,"s:31:4:33:Infinity":12,"b:32:8:32:Infinity:33:8:33:Infinity":1,"s:36:23:50:Infinity":13,"f:36:23:36:30":3,"b:37:4:37:Infinity:undefined:undefined:undefined:undefined":2,"s:37:4:37:Infinity":14,"s:37:46:37:Infinity":15,"s:39:4:39:Infinity":16,"s:41:4:41:Infinity":17,"s:43:17:43:Infinity":18,"s:45:4:45:Infinity":19,"s:47:4:47:Infinity":20,"s:49:4:49:Infinity":21,"s:52:2:60:Infinity":22}}}
,"C:\\Projects\\Git\\React\\03_gifs-app_v3\\src\\shared\\components\\CustomHeader.tsx": {"path":"C:\\Projects\\Git\\React\\03_gifs-app_v3\\src\\shared\\components\\CustomHeader.tsx","statementMap":{"0":{"start":{"line":6,"column":28},"end":{"line":13,"column":null}},"1":{"start":{"line":7,"column":2},"end":{"line":10,"column":null}}},"fnMap":{"0":{"name":"(anonymous_0)","decl":{"start":{"line":6,"column":28},"end":{"line":6,"column":29}},"loc":{"start":{"line":6,"column":58},"end":{"line":13,"column":null}},"line":6}},"branchMap":{"0":{"loc":{"start":{"line":10,"column":7},"end":{"line":10,"column":null}},"type":"binary-expr","locations":[{"start":{"line":10,"column":7},"end":{"line":10,"column":22}},{"start":{"line":10,"column":7},"end":{"line":10,"column":null}}],"line":10}},"s":{"0":2,"1":4},"f":{"0":4},"b":{"0":[4,2]},"meta":{"lastBranch":1,"lastFunction":1,"lastStatement":2,"seen":{"s:6:28:13:Infinity":0,"f:6:28:6:29":0,"s:7:2:10:Infinity":1,"b:10:7:10:22:10:7:10:Infinity":0}}}
,"C:\\Projects\\Git\\React\\03_gifs-app_v3\\src\\shared\\components\\CustomSearch.tsx": {"path":"C:\\Projects\\Git\\React\\03_gifs-app_v3\\src\\shared\\components\\CustomSearch.tsx","statementMap":{"0":{"start":{"line":9,"column":28},"end":{"line":47,"column":null}},"1":{"start":{"line":11,"column":27},"end":{"line":11,"column":null}},"2":{"start":{"line":13,"column":4},"end":{"line":19,"column":null}},"3":{"start":{"line":14,"column":26},"end":{"line":16,"column":null}},"4":{"start":{"line":15,"column":11},"end":{"line":15,"column":null}},"5":{"start":{"line":18,"column":8},"end":{"line":18,"column":null}},"6":{"start":{"line":18,"column":21},"end":{"line":18,"column":null}},"7":{"start":{"line":22,"column":25},"end":{"line":25,"column":null}},"8":{"start":{"line":23,"column":8},"end":{"line":23,"column":null}},"9":{"start":{"line":24,"column":8},"end":{"line":24,"column":null}},"10":{"start":{"line":27,"column":26},"end":{"line":31,"column":null}},"11":{"start":{"line":28,"column":8},"end":{"line":30,"column":null}},"12":{"start":{"line":29,"column":12},"end":{"line":29,"column":null}},"13":{"start":{"line":33,"column":4},"end":{"line":44,"column":null}},"14":{"start":{"line":39,"column":29},"end":{"line":39,"column":null}},"15":{"start":{"line":40,"column":33},"end":{"line":40,"column":null}}},"fnMap":{"0":{"name":"(anonymous_0)","decl":{"start":{"line":9,"column":28},"end":{"line":9,"column":29}},"loc":{"start":{"line":9,"column":77},"end":{"line":47,"column":null}},"line":9},"1":{"name":"(anonymous_1)","decl":{"start":{"line":13,"column":14},"end":{"line":13,"column":null}},"loc":{"start":{"line":13,"column":14},"end":{"line":19,"column":6}},"line":13},"2":{"name":"(anonymous_2)","decl":{"start":{"line":14,"column":37},"end":{"line":14,"column":null}},"loc":{"start":{"line":14,"column":37},"end":{"line":16,"column":11}},"line":14},"3":{"name":"(anonymous_3)","decl":{"start":{"line":18,"column":15},"end":{"line":18,"column":21}},"loc":{"start":{"line":18,"column":21},"end":{"line":18,"column":null}},"line":18},"4":{"name":"(anonymous_4)","decl":{"start":{"line":22,"column":25},"end":{"line":22,"column":null}},"loc":{"start":{"line":22,"column":25},"end":{"line":25,"column":null}},"line":22},"5":{"name":"(anonymous_5)","decl":{"start":{"line":27,"column":26},"end":{"line":27,"column":28}},"loc":{"start":{"line":27,"column":28},"end":{"line":31,"column":null}},"line":27},"6":{"name":"(anonymous_6)","decl":{"start":{"line":39,"column":22},"end":{"line":39,"column":23}},"loc":{"start":{"line":39,"column":29},"end":{"line":39,"column":null}},"line":39},"7":{"name":"(anonymous_7)","decl":{"start":{"line":40,"column":22},"end":{"line":40,"column":23}},"loc":{"start":{"line":40,"column":33},"end":{"line":40,"column":null}},"line":40}},"branchMap":{"0":{"loc":{"start":{"line":9,"column":31},"end":{"line":9,"column":59}},"type":"default-arg","locations":[{"start":{"line":9,"column":51},"end":{"line":9,"column":59}}],"line":9},"1":{"loc":{"start":{"line":28,"column":8},"end":{"line":30,"column":null}},"type":"if","locations":[{"start":{"line":28,"column":8},"end":{"line":30,"column":null}},{"start":{},"end":{}}],"line":28}},"s":{"0":2,"1":14,"2":14,"3":14,"4":2,"5":14,"6":14,"7":14,"8":1,"9":1,"10":14,"11":0,"12":0,"13":14,"14":7,"15":0},"f":{"0":14,"1":14,"2":2,"3":14,"4":1,"5":0,"6":7,"7":0},"b":{"0":[14],"1":[0,0]},"meta":{"lastBranch":2,"lastFunction":8,"lastStatement":16,"seen":{"s:9:28:47:Infinity":0,"f:9:28:9:29":0,"b:9:51:9:59":0,"s:11:27:11:Infinity":1,"s:13:4:19:Infinity":2,"f:13:14:13:Infinity":1,"s:14:26:16:Infinity":3,"f:14:37:14:Infinity":2,"s:15:11:15:Infinity":4,"s:18:8:18:Infinity":5,"f:18:15:18:21":3,"s:18:21:18:Infinity":6,"s:22:25:25:Infinity":7,"f:22:25:22:Infinity":4,"s:23:8:23:Infinity":8,"s:24:8:24:Infinity":9,"s:27:26:31:Infinity":10,"f:27:26:27:28":5,"b:28:8:30:Infinity:undefined:undefined:undefined:undefined":1,"s:28:8:30:Infinity":11,"s:29:12:29:Infinity":12,"s:33:4:44:Infinity":13,"f:39:22:39:23":6,"s:39:29:39:Infinity":14,"f:40:22:40:23":7,"s:40:33:40:Infinity":15}}}
,"C:\\Projects\\Git\\React\\03_gifs-app_v3\\test\\mock\\giphy.response.data.ts": {"path":"C:\\Projects\\Git\\React\\03_gifs-app_v3\\test\\mock\\giphy.response.data.ts","statementMap":{"0":{"start":{"line":1,"column":39},"end":{"line":1990,"column":null}}},"fnMap":{},"branchMap":{},"s":{"0":1},"f":{},"b":{},"meta":{"lastBranch":0,"lastFunction":0,"lastStatement":1,"seen":{"s:1:39:1990:Infinity":0}}}
}
